
---- Протокол ---- 
Дата: 27.12.24 18:54:29 ---- 
---- Параметры ---- 
 -in: D:\KIP-2024\KIP-2024\Debug\in.txt
 -out: D:\KIP-2024\KIP-2024\Debug\in.txt.asm
 -log: D:\KIP-2024\KIP-2024\Debug\in.txt.log
----------------------------------Исходные данныe-------------------------------
int func sum ( int a , int b ) 
 { 
 new int c = a + b ; 
 ret c ; 
 } 
 
 new int oper = ( 2 + 3 ) * 3 ; 
 print oper ; 
 
 new int pp = oper - 5 ; 
 print pp ; 
 
 new int g = pp left 1 ; 
 print g ; 
 new char hh = 'e' ; 
 print hh ; 
 new str j = "fe" ; 
 print j ; 
 new int k = ( 3 + 2 ) - ( ( 2 * 5 ) + ( 6 / 2 ) ) ; 
 print k ; 
 new int s = sum ( 3 , 6 ) ; 
 print s ; 
 
 
Всего символов: 382
Всего строк: 23
Пропущено: 0
-------------------------------------------------------------------------------
ОШИБКА 303: Семантическая ошибка: Объявление глобальной переменной Строка -1, позиция: 0
