
---- Протокол ---- 
Дата: 13.12.24 03:01:10 ---- 
---- Параметры ---- 
 -in: myin.txt
 -out: myin.txt.asm
 -log: myin.txt.log
----------------------------------Исходные данныe-------------------------------
main
  { 
 new str x = "e" ; 
 print x ; 
 
 } 
 
Всего символов: 49
Всего строк: 6
Пропущено: 0
-------------------------------------------------------------------------------

		Таблица лексем
------------------------------------------------------------------------------------------
   # | Лексема                     | Строка                      | Индекс в ТИ
------------------------------------------------------------------------------------------
0000 | m                           | 1                           | 0                      
0001 | {                           | 2                           | -
0002 | d                           | 3                           | -
0003 | t                           | 3                           | -
0004 | i                           | 3                           | 1                      
0005 | =                           | 3                           | -
0006 | l                           | 3                           | 2                      
0007 | ;                           | 3                           | -
0008 | p                           | 4                           | -
0009 | i                           | 4                           | 1                      
0010 | ;                           | 4                           | -
0011 | }                           | 6                           | -
------------------------------------------------------------------------------------------
	Всего лексем: 12
------------------------------------------------------------------------------------------
Шаг-:Правило-------------Входная лента-----------------Стек----------------
0---: S->m{N}-------------m{dti=l;pi;}------------------S$------------------
0---: SAVESTATE:----------1
0---:  -------------------m{dti=l;pi;}------------------m{N}$---------------
1---:  -------------------{dti=l;pi;}-------------------{N}$----------------
2---:  -------------------dti=l;pi;}--------------------N}$-----------------
3---: N->dti;N------------dti=l;pi;}--------------------N}$-----------------
3---: SAVESTATE:----------2
3---:  -------------------dti=l;pi;}--------------------dti;N}$-------------
4---:  -------------------ti=l;pi;}---------------------ti;N}$--------------
5---:  -------------------i=l;pi;}----------------------i;N}$---------------
6---:  -------------------=l;pi;}-----------------------;N}$----------------
7---: TS_NOK/NS_NORULECHAIN
7---: RESTATE-------------
7---:  -------------------dti=l;pi;}--------------------N}$-----------------
8---: N->dti=E;N----------dti=l;pi;}--------------------N}$-----------------
8---: SAVESTATE:----------2
8---:  -------------------dti=l;pi;}--------------------dti=E;N}$-----------
9---:  -------------------ti=l;pi;}---------------------ti=E;N}$------------
10--:  -------------------i=l;pi;}----------------------i=E;N}$-------------
11--:  -------------------=l;pi;}-----------------------=E;N}$--------------
12--:  -------------------l;pi;}------------------------E;N}$---------------
13--: E->l----------------l;pi;}------------------------E;N}$---------------
13--: SAVESTATE:----------3
13--:  -------------------l;pi;}------------------------l;N}$---------------
14--:  -------------------;pi;}-------------------------;N}$----------------
15--:  -------------------pi;}--------------------------N}$-----------------
16--: N->pI;N-------------pi;}--------------------------N}$-----------------
16--: SAVESTATE:----------4
16--:  -------------------pi;}--------------------------pI;N}$--------------
17--:  -------------------i;}---------------------------I;N}$---------------
18--: I->i----------------i;}---------------------------I;N}$---------------
18--: SAVESTATE:----------5
18--:  -------------------i;}---------------------------i;N}$---------------
19--:  -------------------;}----------------------------;N}$----------------
20--:  -------------------}-----------------------------N}$-----------------
21--: TNS_NORULECHAIN/NS_NORULE
21--: RESTATE-------------
21--:  -------------------i;}---------------------------I;N}$---------------
22--: TNS_NORULECHAIN/NS_NORULE
22--: RESTATE-------------
22--:  -------------------pi;}--------------------------N}$-----------------
23--: N->pI;--------------pi;}--------------------------N}$-----------------
23--: SAVESTATE:----------4
23--:  -------------------pi;}--------------------------pI;}$---------------
24--:  -------------------i;}---------------------------I;}$----------------
25--: I->i----------------i;}---------------------------I;}$----------------
25--: SAVESTATE:----------5
25--:  -------------------i;}---------------------------i;}$----------------
26--:  -------------------;}----------------------------;}$-----------------
27--:  -------------------}-----------------------------}$------------------
28--:  -------------------------------------------------$-------------------
29--: LENTA_END-----------
30--: ------>LENTA_END----
--------------------------------------------
0---: всего строк 12, синтаксический анализ выполнен без ошибок
0---: S->m{N}-------------
2---: N->dti=E;N----------
6---: E->l----------------
8---: N->pI;--------------
9---: I->i----------------

		Таблица лексем
------------------------------------------------------------------------------------------
   # | Лексема                     | Строка                      | Индекс в ТИ
------------------------------------------------------------------------------------------
0000 | m                           | 1                           | 0                      
0001 | {                           | 2                           | -
0002 | d                           | 3                           | -
0003 | t                           | 3                           | -
0004 | i                           | 3                           | 1                      
0005 | =                           | 3                           | -
0006 | l                           | 3                           | 2                      
0007 | ;                           | 3                           | -
0008 | p                           | 4                           | -
0009 | i                           | 4                           | 1                      
0010 | ;                           | 4                           | -
0011 | }                           | 6                           | -
------------------------------------------------------------------------------------------
	Всего лексем: 12
------------------------------------------------------------------------------------------

---------------------------------------------------------------------------------------
   # | Идентификатор | Тип данных | Тип идентификатора | Значение
---------------------------------------------------------------------------------------
0000 | main          | int        | функция            | -
0001 | main_x        | str        | переменная         | [0]""
0002 | L1            | str        | литерал            | [1]"e"
---------------------------------------------------------------------------------------
Количество идентификаторов: 3
---------------------------------------------------------------------------------------

		Промежуточное представление
0001| m{dti=l;
0002| pi;
0003| }