Сборка начата 17.12.2024 13:07:02.
Уровень детализации журнала: Normal.     1>Проект "D:\KIP-2024\KIP-2024\StaticLibrary\StaticLibrary.vcxproj" в узле 2 (целевые объекты Build).
     1>PrepareForBuild:
         Структурированный вывод включен. Форматирование диагностики компилятора будет отражать иерархию ошибок. Подробнее см. https://aka.ms/cpp/structured-output.
       InitializeBuildStatus:
         Обращение к "Debug\StaticLibrary.tlog\unsuccessfulbuild".
       ClCompile:
         C:\Program Files\Microsoft Visual Studio\2022\Community\VC\Tools\MSVC\14.39.33519\bin\HostX86\x86\CL.exe /c /ZI /JMC /nologo /W3 /WX- /diagnostics:column /sdl /Od /Oy- /D WIN32 /D _DEBUG /D _LIB /D _UNICODE /D UNICODE /Gm- /EHsc /RTC1 /MDd /GS /fp:precise /Zc:wchar_t /Zc:forScope /Zc:inline /permissive- /Fo"Debug\\" /Fd"D:\KIP-2024\KIP-2024\Debug\StaticLibrary.pdb" /external:W3 /Gd /TP /analyze- /FC /errorReport:prompt StaticLib.cpp
         StaticLib.cpp
     1>D:\KIP-2024\KIP-2024\StaticLibrary\StaticLib.cpp(41,1): warning C4172: возвращение адреса локальной или временной переменной : buf
     1>D:\KIP-2024\KIP-2024\StaticLibrary\StaticLib.cpp(49,1): warning C4172: возвращение адреса локальной или временной переменной : buf
       Lib:
         C:\Program Files\Microsoft Visual Studio\2022\Community\VC\Tools\MSVC\14.39.33519\bin\HostX86\x86\Lib.exe /OUT:"D:\KIP-2024\KIP-2024\Debug\StaticLibrary.lib" /NOLOGO /MACHINE:X86 Debug\StaticLib.obj
         StaticLibrary.vcxproj -> D:\KIP-2024\KIP-2024\Debug\StaticLibrary.lib
       FinalizeBuildStatus:
         Файл "Debug\StaticLibrary.tlog\unsuccessfulbuild" удаляется.
         Обращение к "Debug\StaticLibrary.tlog\StaticLibrary.lastbuildstate".
     1>Сборка проекта "D:\KIP-2024\KIP-2024\StaticLibrary\StaticLibrary.vcxproj" завершена (целевые объекты Build).

Сборка успешно завершена.

       "D:\KIP-2024\KIP-2024\StaticLibrary\StaticLibrary.vcxproj" (целевой объект Build ) (1) ->
       (Целевой объект ClCompile) -> 
         D:\KIP-2024\KIP-2024\StaticLibrary\StaticLib.cpp(41,1): warning C4172: возвращение адреса локальной или временной переменной : buf
         D:\KIP-2024\KIP-2024\StaticLibrary\StaticLib.cpp(49,1): warning C4172: возвращение адреса локальной или временной переменной : buf

    Предупреждений: 2
    Ошибок: 0

Прошло времени 00:00:01.39
